<?xml version="1.0" encoding="UTF-8"?>
<testng-results ignored="0" total="1" passed="1" failed="0" skipped="0">
  <reporter-output>
  </reporter-output>
  <suite started-at="2026-04-09T20:44:50 IST" name="Suite" finished-at="2026-04-09T20:45:17 IST" duration-ms="26741">
    <groups>
    </groups>
    <test started-at="2026-04-09T20:44:50 IST" name="Test" finished-at="2026-04-09T20:45:17 IST" duration-ms="26741">
      <class name="Com.DemoWebShop_TestScripts.TC_001_Verify_User_is_able_to_add_address_or_not_Test">
        <test-method is-config="true" signature="bs()[pri:0, instance:Com.DemoWebShop_TestScripts.TC_001_Verify_User_is_able_to_add_address_or_not_Test@6ed3ccb2]" started-at="2026-04-09T20:44:50 IST" name="bs" finished-at="2026-04-09T20:44:50 IST" duration-ms="27" status="PASS">
          <reporter-output>
          </reporter-output>
        </test-method> <!-- bs -->
        <test-method is-config="true" signature="bt()[pri:0, instance:Com.DemoWebShop_TestScripts.TC_001_Verify_User_is_able_to_add_address_or_not_Test@6ed3ccb2]" started-at="2026-04-09T20:44:50 IST" name="bt" finished-at="2026-04-09T20:44:51 IST" duration-ms="411" status="PASS">
          <reporter-output>
          </reporter-output>
        </test-method> <!-- bt -->
        <test-method is-config="true" signature="bc()[pri:0, instance:Com.DemoWebShop_TestScripts.TC_001_Verify_User_is_able_to_add_address_or_not_Test@6ed3ccb2]" started-at="2026-04-09T20:44:51 IST" name="bc" finished-at="2026-04-09T20:44:57 IST" duration-ms="6239" status="PASS">
          <reporter-output>
          </reporter-output>
        </test-method> <!-- bc -->
        <test-method is-config="true" signature="bm()[pri:0, instance:Com.DemoWebShop_TestScripts.TC_001_Verify_User_is_able_to_add_address_or_not_Test@6ed3ccb2]" started-at="2026-04-09T20:44:57 IST" name="bm" finished-at="2026-04-09T20:45:00 IST" duration-ms="2644" status="PASS">
          <reporter-output>
          </reporter-output>
        </test-method> <!-- bm -->
        <test-method signature="addAddress()[pri:0, instance:Com.DemoWebShop_TestScripts.TC_001_Verify_User_is_able_to_add_address_or_not_Test@6ed3ccb2]" started-at="2026-04-09T20:45:00 IST" name="addAddress" finished-at="2026-04-09T20:45:12 IST" duration-ms="11953" status="PASS">
          <reporter-output>
          </reporter-output>
        </test-method> <!-- addAddress -->
        <test-method is-config="true" signature="am()[pri:0, instance:Com.DemoWebShop_TestScripts.TC_001_Verify_User_is_able_to_add_address_or_not_Test@6ed3ccb2]" started-at="2026-04-09T20:45:12 IST" name="am" finished-at="2026-04-09T20:45:13 IST" duration-ms="1438" status="PASS">
          <reporter-output>
          </reporter-output>
        </test-method> <!-- am -->
        <test-method is-config="true" signature="ac()[pri:0, instance:Com.DemoWebShop_TestScripts.TC_001_Verify_User_is_able_to_add_address_or_not_Test@6ed3ccb2]" started-at="2026-04-09T20:45:13 IST" name="ac" finished-at="2026-04-09T20:45:17 IST" duration-ms="3527" status="PASS">
          <reporter-output>
          </reporter-output>
        </test-method> <!-- ac -->
        <test-method is-config="true" signature="at()[pri:0, instance:Com.DemoWebShop_TestScripts.TC_001_Verify_User_is_able_to_add_address_or_not_Test@6ed3ccb2]" started-at="2026-04-09T20:45:17 IST" name="at" finished-at="2026-04-09T20:45:17 IST" duration-ms="397" status="PASS">
          <reporter-output>
          </reporter-output>
        </test-method> <!-- at -->
        <test-method is-config="true" signature="as()[pri:0, instance:Com.DemoWebShop_TestScripts.TC_001_Verify_User_is_able_to_add_address_or_not_Test@6ed3ccb2]" started-at="2026-04-09T20:45:17 IST" name="as" finished-at="2026-04-09T20:45:17 IST" duration-ms="1" status="PASS">
          <reporter-output>
          </reporter-output>
        </test-method> <!-- as -->
      </class> <!-- Com.DemoWebShop_TestScripts.TC_001_Verify_User_is_able_to_add_address_or_not_Test -->
    </test> <!-- Test -->
  </suite> <!-- Suite -->
</testng-results>
