<?xml version="1.0" encoding="UTF-8"?>
<!-- Generated by org.testng.reporters.JUnitReportReporter -->
<testsuite hostname="INDRA" failures="0" tests="1" name="Com.DemoWebShop_TestScripts.TC_001_Verify_User_is_able_to_add_address_or_not" time="14.985" errors="0" timestamp="2026-04-08T20:00:41 IST" skipped="0">
  <testcase classname="Com.DemoWebShop_TestScripts.TC_001_Verify_User_is_able_to_add_address_or_not" name="addAddress" time="14.985"/>
</testsuite> <!-- Com.DemoWebShop_TestScripts.TC_001_Verify_User_is_able_to_add_address_or_not -->
