<?xml version="1.0" encoding="UTF-8"?>
<!-- Generated by org.testng.reporters.JUnitReportReporter -->
<testsuite hostname="INDRA" failures="0" tests="1" name="Com.DemoWebShop_TestScripts.TC_001_Verify_User_is_able_to_add_address_or_not_Test" time="16.035" errors="0" timestamp="2026-04-09T20:45:17 IST" skipped="0">
  <testcase classname="Com.DemoWebShop_TestScripts.TC_001_Verify_User_is_able_to_add_address_or_not_Test" name="addAddress" time="16.035"/>
</testsuite> <!-- Com.DemoWebShop_TestScripts.TC_001_Verify_User_is_able_to_add_address_or_not_Test -->
