<?xml version="1.0" encoding="UTF-8"?>
<!-- Generated by org.testng.reporters.JUnitReportReporter -->
<testsuite hostname="INDRA" failures="0" tests="1" name="Com.DemoWebShop_TestScripts.TC_002_Verify_User_is_able_to_delete_address_or_not2" time="12.339" errors="0" timestamp="2026-04-08T19:48:12 IST" skipped="0">
  <testcase classname="Com.DemoWebShop_TestScripts.TC_002_Verify_User_is_able_to_delete_address_or_not2" name="deleteAddress" time="12.339"/>
</testsuite> <!-- Com.DemoWebShop_TestScripts.TC_002_Verify_User_is_able_to_delete_address_or_not2 -->
